TN:
SF:/Users/admin/Projects/personal/expressurlapp/models/index.js
FN:17,(anonymous_0)
FN:20,(anonymous_1)
FNF:2
FNH:2
FNDA:3,(anonymous_0)
FNDA:2,(anonymous_1)
DA:3,1
DA:4,1
DA:5,1
DA:6,1
DA:7,1
DA:8,1
DA:9,1
DA:13,1
DA:15,1
DA:18,3
DA:21,2
DA:22,2
DA:27,1
DA:28,1
DA:30,1
LF:15
LH:15
BRDA:7,0,0,1
BRDA:7,0,1,0
BRDA:18,1,0,3
BRDA:18,1,1,3
BRDA:18,1,2,2
BRF:5
BRH:4
end_of_record
TN:
SF:/Users/admin/Projects/personal/expressurlapp/models/metric.js
FN:2,(anonymous_0)
FN:6,(anonymous_1)
FNF:2
FNH:1
FNDA:1,(anonymous_0)
FNDA:0,(anonymous_1)
DA:2,1
DA:3,1
DA:6,1
DA:9,1
LF:4
LH:4
BRF:0
BRH:0
end_of_record
TN:
SF:/Users/admin/Projects/personal/expressurlapp/models/token.js
FN:2,(anonymous_0)
FN:6,(anonymous_1)
FNF:2
FNH:1
FNDA:1,(anonymous_0)
FNDA:0,(anonymous_1)
DA:2,1
DA:3,1
DA:6,1
DA:9,1
LF:4
LH:4
BRF:0
BRH:0
end_of_record
TN:
SF:/Users/admin/Projects/personal/expressurlapp/server/app.js
FNF:0
FNH:0
DA:1,1
DA:2,1
DA:4,1
DA:6,1
DA:11,1
LF:5
LH:5
BRF:0
BRH:0
end_of_record
TN:
SF:/Users/admin/Projects/personal/expressurlapp/server/middleware/auth/index.js
FN:4,(anonymous_0)
FNF:1
FNH:1
FNDA:5,(anonymous_0)
DA:1,1
DA:4,1
DA:5,5
DA:6,1
DA:9,4
DA:11,4
DA:12,1
DA:15,3
DA:21,3
DA:22,1
DA:25,2
LF:11
LH:11
BRDA:5,0,0,1
BRDA:5,0,1,4
BRDA:11,1,0,1
BRDA:11,1,1,3
BRDA:21,2,0,1
BRDA:21,2,1,2
BRF:6
BRH:6
end_of_record
TN:
SF:/Users/admin/Projects/personal/expressurlapp/server/middleware/duration/index.js
FN:3,(anonymous_0)
FN:6,(anonymous_1)
FNF:2
FNH:2
FNDA:5,(anonymous_0)
FNDA:5,(anonymous_1)
DA:1,1
DA:3,1
DA:4,5
DA:6,5
DA:11,5
LF:5
LH:5
BRF:0
BRH:0
end_of_record
TN:
SF:/Users/admin/Projects/personal/expressurlapp/server/routes/index/get/index.js
FN:3,(anonymous_0)
FNF:1
FNH:1
FNDA:2,(anonymous_0)
DA:1,1
DA:3,1
DA:5,2
DA:11,1
DA:15,1
DA:17,1
LF:6
LH:6
BRDA:5,0,0,1
BRDA:5,0,1,1
BRDA:6,1,0,2
BRDA:6,1,1,1
BRDA:6,1,2,1
BRDA:6,1,3,1
BRF:6
BRH:6
end_of_record
TN:
SF:/Users/admin/Projects/personal/expressurlapp/server/routes/index/get/lib.js
FN:7,(anonymous_0)
FN:7,(anonymous_1)
FN:7,(anonymous_2)
FN:10,(anonymous_3)
FN:11,(anonymous_4)
FN:12,(anonymous_5)
FN:15,(anonymous_6)
FN:31,(anonymous_7)
FN:47,(anonymous_8)
FN:47,(anonymous_9)
FNF:10
FNH:9
FNDA:2,(anonymous_0)
FNDA:2,(anonymous_1)
FNDA:2,(anonymous_2)
FNDA:2,(anonymous_3)
FNDA:2,(anonymous_4)
FNDA:0,(anonymous_5)
FNDA:2,(anonymous_6)
FNDA:2,(anonymous_7)
FNDA:1,(anonymous_8)
FNDA:2,(anonymous_9)
DA:1,1
DA:2,1
DA:3,1
DA:5,1
DA:7,2
DA:8,2
DA:10,2
DA:11,2
DA:12,2
DA:15,1
DA:18,2
DA:19,2
DA:24,2
DA:25,0
DA:28,2
DA:31,1
DA:32,2
DA:38,2
DA:40,2
DA:41,0
DA:44,2
DA:47,2
LF:22
LH:20
BRDA:1,0,0,1
BRDA:1,0,1,0
BRDA:24,1,0,0
BRDA:24,1,1,2
BRDA:24,2,0,2
BRDA:24,2,1,2
BRDA:40,3,0,0
BRDA:40,3,1,2
BRDA:40,4,0,2
BRDA:40,4,1,2
BRDA:40,4,2,0
BRF:11
BRH:7
end_of_record
